2020-03-07 11:14:36,845 INFO [org.springframework.test.context.support.DefaultTestContextBootstrapper] - Loaded default TestExecutionListener class names from location [META-INF/spring.factories]: [org.springframework.test.context.web.ServletTestExecutionListener, org.springframework.test.context.support.DirtiesContextBeforeModesTestExecutionListener, org.springframework.test.context.support.DependencyInjectionTestExecutionListener, org.springframework.test.context.support.DirtiesContextTestExecutionListener, org.springframework.test.context.transaction.TransactionalTestExecutionListener, org.springframework.test.context.jdbc.SqlScriptsTestExecutionListener]
2020-03-07 11:14:36,930 INFO [org.springframework.test.context.support.DefaultTestContextBootstrapper] - Using TestExecutionListeners: [org.springframework.test.context.support.DirtiesContextBeforeModesTestExecutionListener@d2cc05a, org.springframework.test.context.support.DependencyInjectionTestExecutionListener@4f933fd1, org.springframework.test.context.support.DirtiesContextTestExecutionListener@548a9f61, org.springframework.test.context.transaction.TransactionalTestExecutionListener@1753acfe, org.springframework.test.context.jdbc.SqlScriptsTestExecutionListener@7c16905e]
2020-03-07 11:14:37,419 INFO [org.springframework.beans.factory.xml.XmlBeanDefinitionReader] - Loading XML bean definitions from class path resource [spring-context.xml]
2020-03-07 11:14:38,475 INFO [org.springframework.beans.factory.xml.XmlBeanDefinitionReader] - Loading XML bean definitions from class path resource [spring-context-mybatis.xml]
2020-03-07 11:14:38,550 INFO [org.springframework.beans.factory.xml.XmlBeanDefinitionReader] - Loading XML bean definitions from class path resource [spring-context-druid.xml]
2020-03-07 11:14:38,686 INFO [org.springframework.context.support.GenericApplicationContext] - Refreshing org.springframework.context.support.GenericApplicationContext@3f49dace: startup date [Sat Mar 07 11:14:38 CST 2020]; root of context hierarchy
2020-03-07 11:14:42,063 INFO [com.alibaba.druid.pool.DruidDataSource] - {dataSource-1} inited
2020-03-07 11:14:43,613 INFO [org.springframework.context.support.GenericApplicationContext] - Closing org.springframework.context.support.GenericApplicationContext@3f49dace: startup date [Sat Mar 07 11:14:38 CST 2020]; root of context hierarchy
2020-03-07 11:14:43,742 INFO [com.alibaba.druid.pool.DruidDataSource] - {dataSource-1} closed
2020-03-07 11:18:34,547 INFO [org.springframework.test.context.support.DefaultTestContextBootstrapper] - Loaded default TestExecutionListener class names from location [META-INF/spring.factories]: [org.springframework.test.context.web.ServletTestExecutionListener, org.springframework.test.context.support.DirtiesContextBeforeModesTestExecutionListener, org.springframework.test.context.support.DependencyInjectionTestExecutionListener, org.springframework.test.context.support.DirtiesContextTestExecutionListener, org.springframework.test.context.transaction.TransactionalTestExecutionListener, org.springframework.test.context.jdbc.SqlScriptsTestExecutionListener]
2020-03-07 11:18:34,574 INFO [org.springframework.test.context.support.DefaultTestContextBootstrapper] - Using TestExecutionListeners: [org.springframework.test.context.support.DirtiesContextBeforeModesTestExecutionListener@d2cc05a, org.springframework.test.context.support.DependencyInjectionTestExecutionListener@4f933fd1, org.springframework.test.context.support.DirtiesContextTestExecutionListener@548a9f61, org.springframework.test.context.transaction.TransactionalTestExecutionListener@1753acfe, org.springframework.test.context.jdbc.SqlScriptsTestExecutionListener@7c16905e]
2020-03-07 11:18:34,793 INFO [org.springframework.beans.factory.xml.XmlBeanDefinitionReader] - Loading XML bean definitions from class path resource [spring-context.xml]
2020-03-07 11:18:35,381 INFO [org.springframework.beans.factory.xml.XmlBeanDefinitionReader] - Loading XML bean definitions from class path resource [spring-context-mybatis.xml]
2020-03-07 11:18:35,498 INFO [org.springframework.beans.factory.xml.XmlBeanDefinitionReader] - Loading XML bean definitions from class path resource [spring-context-druid.xml]
2020-03-07 11:18:35,665 INFO [org.springframework.context.support.GenericApplicationContext] - Refreshing org.springframework.context.support.GenericApplicationContext@3f49dace: startup date [Sat Mar 07 11:18:35 CST 2020]; root of context hierarchy
2020-03-07 11:18:38,986 INFO [com.alibaba.druid.pool.DruidDataSource] - {dataSource-1} inited
2020-03-07 11:18:41,104 INFO [org.springframework.context.support.GenericApplicationContext] - Closing org.springframework.context.support.GenericApplicationContext@3f49dace: startup date [Sat Mar 07 11:18:35 CST 2020]; root of context hierarchy
2020-03-07 11:18:41,117 INFO [com.alibaba.druid.pool.DruidDataSource] - {dataSource-1} closed
2020-03-07 11:20:33,088 INFO [org.springframework.test.context.support.DefaultTestContextBootstrapper] - Loaded default TestExecutionListener class names from location [META-INF/spring.factories]: [org.springframework.test.context.web.ServletTestExecutionListener, org.springframework.test.context.support.DirtiesContextBeforeModesTestExecutionListener, org.springframework.test.context.support.DependencyInjectionTestExecutionListener, org.springframework.test.context.support.DirtiesContextTestExecutionListener, org.springframework.test.context.transaction.TransactionalTestExecutionListener, org.springframework.test.context.jdbc.SqlScriptsTestExecutionListener]
2020-03-07 11:20:33,112 INFO [org.springframework.test.context.support.DefaultTestContextBootstrapper] - Using TestExecutionListeners: [org.springframework.test.context.support.DirtiesContextBeforeModesTestExecutionListener@d2cc05a, org.springframework.test.context.support.DependencyInjectionTestExecutionListener@4f933fd1, org.springframework.test.context.support.DirtiesContextTestExecutionListener@548a9f61, org.springframework.test.context.transaction.TransactionalTestExecutionListener@1753acfe, org.springframework.test.context.jdbc.SqlScriptsTestExecutionListener@7c16905e]
2020-03-07 11:20:33,226 INFO [org.springframework.beans.factory.xml.XmlBeanDefinitionReader] - Loading XML bean definitions from class path resource [spring-context.xml]
2020-03-07 11:20:33,560 INFO [org.springframework.beans.factory.xml.XmlBeanDefinitionReader] - Loading XML bean definitions from class path resource [spring-context-mybatis.xml]
2020-03-07 11:20:33,597 INFO [org.springframework.beans.factory.xml.XmlBeanDefinitionReader] - Loading XML bean definitions from class path resource [spring-context-druid.xml]
2020-03-07 11:20:33,677 INFO [org.springframework.context.support.GenericApplicationContext] - Refreshing org.springframework.context.support.GenericApplicationContext@3f49dace: startup date [Sat Mar 07 11:20:33 CST 2020]; root of context hierarchy
2020-03-07 11:20:35,060 INFO [com.alibaba.druid.pool.DruidDataSource] - {dataSource-1} inited
2020-03-07 11:20:35,824 INFO [org.springframework.beans.factory.xml.XmlBeanDefinitionReader] - Loading XML bean definitions from class path resource [org/springframework/jdbc/support/sql-error-codes.xml]
2020-03-07 11:20:35,891 INFO [org.springframework.jdbc.support.SQLErrorCodesFactory] - SQLErrorCodes loaded: [DB2, Derby, H2, HDB, HSQL, Informix, MS-SQL, MySQL, Oracle, PostgreSQL, Sybase]
2020-03-07 11:20:35,932 INFO [org.springframework.context.support.GenericApplicationContext] - Closing org.springframework.context.support.GenericApplicationContext@3f49dace: startup date [Sat Mar 07 11:20:33 CST 2020]; root of context hierarchy
2020-03-07 11:20:35,937 INFO [com.alibaba.druid.pool.DruidDataSource] - {dataSource-1} closed
2020-03-07 11:21:48,085 INFO [org.springframework.test.context.support.DefaultTestContextBootstrapper] - Loaded default TestExecutionListener class names from location [META-INF/spring.factories]: [org.springframework.test.context.web.ServletTestExecutionListener, org.springframework.test.context.support.DirtiesContextBeforeModesTestExecutionListener, org.springframework.test.context.support.DependencyInjectionTestExecutionListener, org.springframework.test.context.support.DirtiesContextTestExecutionListener, org.springframework.test.context.transaction.TransactionalTestExecutionListener, org.springframework.test.context.jdbc.SqlScriptsTestExecutionListener]
2020-03-07 11:21:48,113 INFO [org.springframework.test.context.support.DefaultTestContextBootstrapper] - Using TestExecutionListeners: [org.springframework.test.context.support.DirtiesContextBeforeModesTestExecutionListener@d2cc05a, org.springframework.test.context.support.DependencyInjectionTestExecutionListener@4f933fd1, org.springframework.test.context.support.DirtiesContextTestExecutionListener@548a9f61, org.springframework.test.context.transaction.TransactionalTestExecutionListener@1753acfe, org.springframework.test.context.jdbc.SqlScriptsTestExecutionListener@7c16905e]
2020-03-07 11:21:48,303 INFO [org.springframework.beans.factory.xml.XmlBeanDefinitionReader] - Loading XML bean definitions from class path resource [spring-context.xml]
2020-03-07 11:21:48,937 INFO [org.springframework.beans.factory.xml.XmlBeanDefinitionReader] - Loading XML bean definitions from class path resource [spring-context-mybatis.xml]
2020-03-07 11:21:49,036 INFO [org.springframework.beans.factory.xml.XmlBeanDefinitionReader] - Loading XML bean definitions from class path resource [spring-context-druid.xml]
2020-03-07 11:21:49,245 INFO [org.springframework.context.support.GenericApplicationContext] - Refreshing org.springframework.context.support.GenericApplicationContext@3f49dace: startup date [Sat Mar 07 11:21:49 CST 2020]; root of context hierarchy
2020-03-07 11:21:51,060 INFO [com.alibaba.druid.pool.DruidDataSource] - {dataSource-1} inited
2020-03-07 11:21:52,267 INFO [org.springframework.beans.factory.xml.XmlBeanDefinitionReader] - Loading XML bean definitions from class path resource [org/springframework/jdbc/support/sql-error-codes.xml]
2020-03-07 11:21:52,513 INFO [org.springframework.jdbc.support.SQLErrorCodesFactory] - SQLErrorCodes loaded: [DB2, Derby, H2, HDB, HSQL, Informix, MS-SQL, MySQL, Oracle, PostgreSQL, Sybase]
2020-03-07 11:21:52,850 INFO [org.springframework.context.support.GenericApplicationContext] - Closing org.springframework.context.support.GenericApplicationContext@3f49dace: startup date [Sat Mar 07 11:21:49 CST 2020]; root of context hierarchy
2020-03-07 11:21:52,858 INFO [com.alibaba.druid.pool.DruidDataSource] - {dataSource-1} closed
2020-03-07 11:22:19,068 INFO [org.springframework.test.context.support.DefaultTestContextBootstrapper] - Loaded default TestExecutionListener class names from location [META-INF/spring.factories]: [org.springframework.test.context.web.ServletTestExecutionListener, org.springframework.test.context.support.DirtiesContextBeforeModesTestExecutionListener, org.springframework.test.context.support.DependencyInjectionTestExecutionListener, org.springframework.test.context.support.DirtiesContextTestExecutionListener, org.springframework.test.context.transaction.TransactionalTestExecutionListener, org.springframework.test.context.jdbc.SqlScriptsTestExecutionListener]
2020-03-07 11:22:19,100 INFO [org.springframework.test.context.support.DefaultTestContextBootstrapper] - Using TestExecutionListeners: [org.springframework.test.context.support.DirtiesContextBeforeModesTestExecutionListener@1e730495, org.springframework.test.context.support.DependencyInjectionTestExecutionListener@7d3a22a9, org.springframework.test.context.support.DirtiesContextTestExecutionListener@1d082e88, org.springframework.test.context.transaction.TransactionalTestExecutionListener@60704c, org.springframework.test.context.jdbc.SqlScriptsTestExecutionListener@6b19b79]
2020-03-07 11:22:19,293 INFO [org.springframework.beans.factory.xml.XmlBeanDefinitionReader] - Loading XML bean definitions from class path resource [spring-context.xml]
2020-03-07 11:22:19,698 INFO [org.springframework.beans.factory.xml.XmlBeanDefinitionReader] - Loading XML bean definitions from class path resource [spring-context-mybatis.xml]
2020-03-07 11:22:19,738 INFO [org.springframework.beans.factory.xml.XmlBeanDefinitionReader] - Loading XML bean definitions from class path resource [spring-context-druid.xml]
2020-03-07 11:22:19,826 INFO [org.springframework.context.support.GenericApplicationContext] - Refreshing org.springframework.context.support.GenericApplicationContext@5bd03f44: startup date [Sat Mar 07 11:22:19 CST 2020]; root of context hierarchy
2020-03-07 11:22:21,480 INFO [com.alibaba.druid.pool.DruidDataSource] - {dataSource-1} inited
2020-03-07 11:22:22,427 INFO [org.springframework.beans.factory.xml.XmlBeanDefinitionReader] - Loading XML bean definitions from class path resource [org/springframework/jdbc/support/sql-error-codes.xml]
2020-03-07 11:22:22,480 INFO [org.springframework.jdbc.support.SQLErrorCodesFactory] - SQLErrorCodes loaded: [DB2, Derby, H2, HDB, HSQL, Informix, MS-SQL, MySQL, Oracle, PostgreSQL, Sybase]
2020-03-07 11:22:22,498 INFO [org.springframework.context.support.GenericApplicationContext] - Closing org.springframework.context.support.GenericApplicationContext@5bd03f44: startup date [Sat Mar 07 11:22:19 CST 2020]; root of context hierarchy
2020-03-07 11:22:22,505 INFO [com.alibaba.druid.pool.DruidDataSource] - {dataSource-1} closed
2020-03-07 11:22:40,425 INFO [org.springframework.test.context.support.DefaultTestContextBootstrapper] - Loaded default TestExecutionListener class names from location [META-INF/spring.factories]: [org.springframework.test.context.web.ServletTestExecutionListener, org.springframework.test.context.support.DirtiesContextBeforeModesTestExecutionListener, org.springframework.test.context.support.DependencyInjectionTestExecutionListener, org.springframework.test.context.support.DirtiesContextTestExecutionListener, org.springframework.test.context.transaction.TransactionalTestExecutionListener, org.springframework.test.context.jdbc.SqlScriptsTestExecutionListener]
2020-03-07 11:22:40,446 INFO [org.springframework.test.context.support.DefaultTestContextBootstrapper] - Using TestExecutionListeners: [org.springframework.test.context.support.DirtiesContextBeforeModesTestExecutionListener@d2cc05a, org.springframework.test.context.support.DependencyInjectionTestExecutionListener@4f933fd1, org.springframework.test.context.support.DirtiesContextTestExecutionListener@548a9f61, org.springframework.test.context.transaction.TransactionalTestExecutionListener@1753acfe, org.springframework.test.context.jdbc.SqlScriptsTestExecutionListener@7c16905e]
2020-03-07 11:22:40,579 INFO [org.springframework.beans.factory.xml.XmlBeanDefinitionReader] - Loading XML bean definitions from class path resource [spring-context.xml]
2020-03-07 11:22:41,131 INFO [org.springframework.beans.factory.xml.XmlBeanDefinitionReader] - Loading XML bean definitions from class path resource [spring-context-mybatis.xml]
2020-03-07 11:22:41,226 INFO [org.springframework.beans.factory.xml.XmlBeanDefinitionReader] - Loading XML bean definitions from class path resource [spring-context-druid.xml]
2020-03-07 11:22:41,445 INFO [org.springframework.context.support.GenericApplicationContext] - Refreshing org.springframework.context.support.GenericApplicationContext@3f49dace: startup date [Sat Mar 07 11:22:41 CST 2020]; root of context hierarchy
2020-03-07 11:22:44,620 INFO [com.alibaba.druid.pool.DruidDataSource] - {dataSource-1} inited
2020-03-07 11:22:46,403 INFO [org.springframework.beans.factory.xml.XmlBeanDefinitionReader] - Loading XML bean definitions from class path resource [org/springframework/jdbc/support/sql-error-codes.xml]
2020-03-07 11:22:46,515 INFO [org.springframework.jdbc.support.SQLErrorCodesFactory] - SQLErrorCodes loaded: [DB2, Derby, H2, HDB, HSQL, Informix, MS-SQL, MySQL, Oracle, PostgreSQL, Sybase]
2020-03-07 11:22:46,849 INFO [org.springframework.context.support.GenericApplicationContext] - Closing org.springframework.context.support.GenericApplicationContext@3f49dace: startup date [Sat Mar 07 11:22:41 CST 2020]; root of context hierarchy
2020-03-07 11:22:46,861 INFO [com.alibaba.druid.pool.DruidDataSource] - {dataSource-1} closed
2020-03-07 11:23:30,202 INFO [org.springframework.test.context.support.DefaultTestContextBootstrapper] - Loaded default TestExecutionListener class names from location [META-INF/spring.factories]: [org.springframework.test.context.web.ServletTestExecutionListener, org.springframework.test.context.support.DirtiesContextBeforeModesTestExecutionListener, org.springframework.test.context.support.DependencyInjectionTestExecutionListener, org.springframework.test.context.support.DirtiesContextTestExecutionListener, org.springframework.test.context.transaction.TransactionalTestExecutionListener, org.springframework.test.context.jdbc.SqlScriptsTestExecutionListener]
2020-03-07 11:23:30,230 INFO [org.springframework.test.context.support.DefaultTestContextBootstrapper] - Using TestExecutionListeners: [org.springframework.test.context.support.DirtiesContextBeforeModesTestExecutionListener@d2cc05a, org.springframework.test.context.support.DependencyInjectionTestExecutionListener@4f933fd1, org.springframework.test.context.support.DirtiesContextTestExecutionListener@548a9f61, org.springframework.test.context.transaction.TransactionalTestExecutionListener@1753acfe, org.springframework.test.context.jdbc.SqlScriptsTestExecutionListener@7c16905e]
2020-03-07 11:23:30,352 INFO [org.springframework.beans.factory.xml.XmlBeanDefinitionReader] - Loading XML bean definitions from class path resource [spring-context.xml]
2020-03-07 11:23:30,819 INFO [org.springframework.beans.factory.xml.XmlBeanDefinitionReader] - Loading XML bean definitions from class path resource [spring-context-mybatis.xml]
2020-03-07 11:23:30,862 INFO [org.springframework.beans.factory.xml.XmlBeanDefinitionReader] - Loading XML bean definitions from class path resource [spring-context-druid.xml]
2020-03-07 11:23:30,980 INFO [org.springframework.context.support.GenericApplicationContext] - Refreshing org.springframework.context.support.GenericApplicationContext@3f49dace: startup date [Sat Mar 07 11:23:30 CST 2020]; root of context hierarchy
2020-03-07 11:23:32,178 INFO [com.alibaba.druid.pool.DruidDataSource] - {dataSource-1} inited
2020-03-07 11:23:32,946 INFO [org.springframework.context.support.GenericApplicationContext] - Closing org.springframework.context.support.GenericApplicationContext@3f49dace: startup date [Sat Mar 07 11:23:30 CST 2020]; root of context hierarchy
2020-03-07 11:23:32,952 INFO [com.alibaba.druid.pool.DruidDataSource] - {dataSource-1} closed
2020-03-07 11:25:27,434 INFO [org.springframework.test.context.support.DefaultTestContextBootstrapper] - Loaded default TestExecutionListener class names from location [META-INF/spring.factories]: [org.springframework.test.context.web.ServletTestExecutionListener, org.springframework.test.context.support.DirtiesContextBeforeModesTestExecutionListener, org.springframework.test.context.support.DependencyInjectionTestExecutionListener, org.springframework.test.context.support.DirtiesContextTestExecutionListener, org.springframework.test.context.transaction.TransactionalTestExecutionListener, org.springframework.test.context.jdbc.SqlScriptsTestExecutionListener]
2020-03-07 11:25:27,498 INFO [org.springframework.test.context.support.DefaultTestContextBootstrapper] - Using TestExecutionListeners: [org.springframework.test.context.support.DirtiesContextBeforeModesTestExecutionListener@1e730495, org.springframework.test.context.support.DependencyInjectionTestExecutionListener@7d3a22a9, org.springframework.test.context.support.DirtiesContextTestExecutionListener@1d082e88, org.springframework.test.context.transaction.TransactionalTestExecutionListener@60704c, org.springframework.test.context.jdbc.SqlScriptsTestExecutionListener@6b19b79]
2020-03-07 11:25:27,825 INFO [org.springframework.beans.factory.xml.XmlBeanDefinitionReader] - Loading XML bean definitions from class path resource [spring-context.xml]
2020-03-07 11:25:28,704 INFO [org.springframework.beans.factory.xml.XmlBeanDefinitionReader] - Loading XML bean definitions from class path resource [spring-context-mybatis.xml]
2020-03-07 11:25:28,830 INFO [org.springframework.beans.factory.xml.XmlBeanDefinitionReader] - Loading XML bean definitions from class path resource [spring-context-druid.xml]
2020-03-07 11:25:29,111 INFO [org.springframework.context.support.GenericApplicationContext] - Refreshing org.springframework.context.support.GenericApplicationContext@5bd03f44: startup date [Sat Mar 07 11:25:29 CST 2020]; root of context hierarchy
2020-03-07 11:25:32,586 INFO [com.alibaba.druid.pool.DruidDataSource] - {dataSource-1} inited
2020-03-07 11:25:53,633 INFO [org.springframework.beans.factory.xml.XmlBeanDefinitionReader] - Loading XML bean definitions from class path resource [org/springframework/jdbc/support/sql-error-codes.xml]
2020-03-07 11:25:53,816 INFO [org.springframework.jdbc.support.SQLErrorCodesFactory] - SQLErrorCodes loaded: [DB2, Derby, H2, HDB, HSQL, Informix, MS-SQL, MySQL, Oracle, PostgreSQL, Sybase]
2020-03-07 11:26:31,663 INFO [org.springframework.context.support.GenericApplicationContext] - Closing org.springframework.context.support.GenericApplicationContext@5bd03f44: startup date [Sat Mar 07 11:25:29 CST 2020]; root of context hierarchy
2020-03-07 11:26:31,679 INFO [com.alibaba.druid.pool.DruidDataSource] - {dataSource-1} closed
2020-03-07 11:26:38,613 INFO [org.springframework.test.context.support.DefaultTestContextBootstrapper] - Loaded default TestExecutionListener class names from location [META-INF/spring.factories]: [org.springframework.test.context.web.ServletTestExecutionListener, org.springframework.test.context.support.DirtiesContextBeforeModesTestExecutionListener, org.springframework.test.context.support.DependencyInjectionTestExecutionListener, org.springframework.test.context.support.DirtiesContextTestExecutionListener, org.springframework.test.context.transaction.TransactionalTestExecutionListener, org.springframework.test.context.jdbc.SqlScriptsTestExecutionListener]
2020-03-07 11:26:38,660 INFO [org.springframework.test.context.support.DefaultTestContextBootstrapper] - Using TestExecutionListeners: [org.springframework.test.context.support.DirtiesContextBeforeModesTestExecutionListener@d2cc05a, org.springframework.test.context.support.DependencyInjectionTestExecutionListener@4f933fd1, org.springframework.test.context.support.DirtiesContextTestExecutionListener@548a9f61, org.springframework.test.context.transaction.TransactionalTestExecutionListener@1753acfe, org.springframework.test.context.jdbc.SqlScriptsTestExecutionListener@7c16905e]
2020-03-07 11:26:38,927 INFO [org.springframework.beans.factory.xml.XmlBeanDefinitionReader] - Loading XML bean definitions from class path resource [spring-context.xml]
2020-03-07 11:26:39,489 INFO [org.springframework.beans.factory.xml.XmlBeanDefinitionReader] - Loading XML bean definitions from class path resource [spring-context-mybatis.xml]
2020-03-07 11:26:39,581 INFO [org.springframework.beans.factory.xml.XmlBeanDefinitionReader] - Loading XML bean definitions from class path resource [spring-context-druid.xml]
2020-03-07 11:26:39,844 INFO [org.springframework.context.support.GenericApplicationContext] - Refreshing org.springframework.context.support.GenericApplicationContext@3f49dace: startup date [Sat Mar 07 11:26:39 CST 2020]; root of context hierarchy
2020-03-07 11:26:42,338 INFO [com.alibaba.druid.pool.DruidDataSource] - {dataSource-1} inited
2020-03-07 11:26:44,298 INFO [org.springframework.beans.factory.xml.XmlBeanDefinitionReader] - Loading XML bean definitions from class path resource [org/springframework/jdbc/support/sql-error-codes.xml]
2020-03-07 11:26:44,568 INFO [org.springframework.jdbc.support.SQLErrorCodesFactory] - SQLErrorCodes loaded: [DB2, Derby, H2, HDB, HSQL, Informix, MS-SQL, MySQL, Oracle, PostgreSQL, Sybase]
2020-03-07 11:26:45,103 INFO [org.springframework.context.support.GenericApplicationContext] - Closing org.springframework.context.support.GenericApplicationContext@3f49dace: startup date [Sat Mar 07 11:26:39 CST 2020]; root of context hierarchy
2020-03-07 11:26:45,114 INFO [com.alibaba.druid.pool.DruidDataSource] - {dataSource-1} closed
2020-03-07 11:27:28,084 INFO [org.springframework.test.context.support.DefaultTestContextBootstrapper] - Loaded default TestExecutionListener class names from location [META-INF/spring.factories]: [org.springframework.test.context.web.ServletTestExecutionListener, org.springframework.test.context.support.DirtiesContextBeforeModesTestExecutionListener, org.springframework.test.context.support.DependencyInjectionTestExecutionListener, org.springframework.test.context.support.DirtiesContextTestExecutionListener, org.springframework.test.context.transaction.TransactionalTestExecutionListener, org.springframework.test.context.jdbc.SqlScriptsTestExecutionListener]
2020-03-07 11:27:28,113 INFO [org.springframework.test.context.support.DefaultTestContextBootstrapper] - Using TestExecutionListeners: [org.springframework.test.context.support.DirtiesContextBeforeModesTestExecutionListener@d2cc05a, org.springframework.test.context.support.DependencyInjectionTestExecutionListener@4f933fd1, org.springframework.test.context.support.DirtiesContextTestExecutionListener@548a9f61, org.springframework.test.context.transaction.TransactionalTestExecutionListener@1753acfe, org.springframework.test.context.jdbc.SqlScriptsTestExecutionListener@7c16905e]
2020-03-07 11:27:28,235 INFO [org.springframework.beans.factory.xml.XmlBeanDefinitionReader] - Loading XML bean definitions from class path resource [spring-context.xml]
2020-03-07 11:27:28,583 INFO [org.springframework.beans.factory.xml.XmlBeanDefinitionReader] - Loading XML bean definitions from class path resource [spring-context-mybatis.xml]
2020-03-07 11:27:28,625 INFO [org.springframework.beans.factory.xml.XmlBeanDefinitionReader] - Loading XML bean definitions from class path resource [spring-context-druid.xml]
2020-03-07 11:27:28,693 INFO [org.springframework.context.support.GenericApplicationContext] - Refreshing org.springframework.context.support.GenericApplicationContext@3f49dace: startup date [Sat Mar 07 11:27:28 CST 2020]; root of context hierarchy
2020-03-07 11:27:29,997 INFO [com.alibaba.druid.pool.DruidDataSource] - {dataSource-1} inited
2020-03-07 11:27:30,742 INFO [org.springframework.context.support.GenericApplicationContext] - Closing org.springframework.context.support.GenericApplicationContext@3f49dace: startup date [Sat Mar 07 11:27:28 CST 2020]; root of context hierarchy
2020-03-07 11:27:30,747 INFO [com.alibaba.druid.pool.DruidDataSource] - {dataSource-1} closed
2020-03-07 11:30:26,333 INFO [org.springframework.test.context.support.DefaultTestContextBootstrapper] - Loaded default TestExecutionListener class names from location [META-INF/spring.factories]: [org.springframework.test.context.web.ServletTestExecutionListener, org.springframework.test.context.support.DirtiesContextBeforeModesTestExecutionListener, org.springframework.test.context.support.DependencyInjectionTestExecutionListener, org.springframework.test.context.support.DirtiesContextTestExecutionListener, org.springframework.test.context.transaction.TransactionalTestExecutionListener, org.springframework.test.context.jdbc.SqlScriptsTestExecutionListener]
2020-03-07 11:30:26,358 INFO [org.springframework.test.context.support.DefaultTestContextBootstrapper] - Using TestExecutionListeners: [org.springframework.test.context.support.DirtiesContextBeforeModesTestExecutionListener@d2cc05a, org.springframework.test.context.support.DependencyInjectionTestExecutionListener@4f933fd1, org.springframework.test.context.support.DirtiesContextTestExecutionListener@548a9f61, org.springframework.test.context.transaction.TransactionalTestExecutionListener@1753acfe, org.springframework.test.context.jdbc.SqlScriptsTestExecutionListener@7c16905e]
2020-03-07 11:30:26,492 INFO [org.springframework.beans.factory.xml.XmlBeanDefinitionReader] - Loading XML bean definitions from class path resource [spring-context.xml]
2020-03-07 11:30:26,895 INFO [org.springframework.beans.factory.xml.XmlBeanDefinitionReader] - Loading XML bean definitions from class path resource [spring-context-mybatis.xml]
2020-03-07 11:30:26,942 INFO [org.springframework.beans.factory.xml.XmlBeanDefinitionReader] - Loading XML bean definitions from class path resource [spring-context-druid.xml]
2020-03-07 11:30:27,003 INFO [org.springframework.context.support.GenericApplicationContext] - Refreshing org.springframework.context.support.GenericApplicationContext@3f49dace: startup date [Sat Mar 07 11:30:27 CST 2020]; root of context hierarchy
2020-03-07 11:30:28,505 INFO [com.alibaba.druid.pool.DruidDataSource] - {dataSource-1} inited
2020-03-07 11:30:29,477 INFO [org.springframework.context.support.GenericApplicationContext] - Closing org.springframework.context.support.GenericApplicationContext@3f49dace: startup date [Sat Mar 07 11:30:27 CST 2020]; root of context hierarchy
2020-03-07 11:30:29,481 INFO [com.alibaba.druid.pool.DruidDataSource] - {dataSource-1} closed
2020-03-07 16:01:11,173 INFO [org.springframework.test.context.support.DefaultTestContextBootstrapper] - Loaded default TestExecutionListener class names from location [META-INF/spring.factories]: [org.springframework.test.context.web.ServletTestExecutionListener, org.springframework.test.context.support.DirtiesContextBeforeModesTestExecutionListener, org.springframework.test.context.support.DependencyInjectionTestExecutionListener, org.springframework.test.context.support.DirtiesContextTestExecutionListener, org.springframework.test.context.transaction.TransactionalTestExecutionListener, org.springframework.test.context.jdbc.SqlScriptsTestExecutionListener]
2020-03-07 16:01:11,221 INFO [org.springframework.test.context.support.DefaultTestContextBootstrapper] - Using TestExecutionListeners: [org.springframework.test.context.support.DirtiesContextBeforeModesTestExecutionListener@7c16905e, org.springframework.test.context.support.DependencyInjectionTestExecutionListener@2a2d45ba, org.springframework.test.context.support.DirtiesContextTestExecutionListener@2a5ca609, org.springframework.test.context.transaction.TransactionalTestExecutionListener@20e2cbe0, org.springframework.test.context.jdbc.SqlScriptsTestExecutionListener@68be2bc2]
2020-03-07 16:01:11,496 INFO [org.springframework.beans.factory.xml.XmlBeanDefinitionReader] - Loading XML bean definitions from class path resource [spring-context.xml]
2020-03-07 16:01:12,253 INFO [org.springframework.beans.factory.xml.XmlBeanDefinitionReader] - Loading XML bean definitions from class path resource [spring-context-mybatis.xml]
2020-03-07 16:01:12,339 INFO [org.springframework.beans.factory.xml.XmlBeanDefinitionReader] - Loading XML bean definitions from class path resource [spring-context-druid.xml]
2020-03-07 16:01:12,500 INFO [org.springframework.context.support.GenericApplicationContext] - Refreshing org.springframework.context.support.GenericApplicationContext@27c20538: startup date [Sat Mar 07 16:01:12 CST 2020]; root of context hierarchy
2020-03-07 16:01:16,023 INFO [com.alibaba.druid.pool.DruidDataSource] - {dataSource-1} inited
2020-03-07 16:01:18,797 INFO [org.springframework.context.support.GenericApplicationContext] - Closing org.springframework.context.support.GenericApplicationContext@27c20538: startup date [Sat Mar 07 16:01:12 CST 2020]; root of context hierarchy
2020-03-07 16:01:18,859 INFO [com.alibaba.druid.pool.DruidDataSource] - {dataSource-1} closed
2020-03-07 16:02:14,113 INFO [org.springframework.test.context.support.DefaultTestContextBootstrapper] - Loaded default TestExecutionListener class names from location [META-INF/spring.factories]: [org.springframework.test.context.web.ServletTestExecutionListener, org.springframework.test.context.support.DirtiesContextBeforeModesTestExecutionListener, org.springframework.test.context.support.DependencyInjectionTestExecutionListener, org.springframework.test.context.support.DirtiesContextTestExecutionListener, org.springframework.test.context.transaction.TransactionalTestExecutionListener, org.springframework.test.context.jdbc.SqlScriptsTestExecutionListener]
2020-03-07 16:02:14,136 INFO [org.springframework.test.context.support.DefaultTestContextBootstrapper] - Using TestExecutionListeners: [org.springframework.test.context.support.DirtiesContextBeforeModesTestExecutionListener@7c16905e, org.springframework.test.context.support.DependencyInjectionTestExecutionListener@2a2d45ba, org.springframework.test.context.support.DirtiesContextTestExecutionListener@2a5ca609, org.springframework.test.context.transaction.TransactionalTestExecutionListener@20e2cbe0, org.springframework.test.context.jdbc.SqlScriptsTestExecutionListener@68be2bc2]
2020-03-07 16:02:14,276 INFO [org.springframework.beans.factory.xml.XmlBeanDefinitionReader] - Loading XML bean definitions from class path resource [spring-context.xml]
2020-03-07 16:02:14,668 INFO [org.springframework.beans.factory.xml.XmlBeanDefinitionReader] - Loading XML bean definitions from class path resource [spring-context-mybatis.xml]
2020-03-07 16:02:14,711 INFO [org.springframework.beans.factory.xml.XmlBeanDefinitionReader] - Loading XML bean definitions from class path resource [spring-context-druid.xml]
2020-03-07 16:02:14,804 INFO [org.springframework.context.support.GenericApplicationContext] - Refreshing org.springframework.context.support.GenericApplicationContext@27c20538: startup date [Sat Mar 07 16:02:14 CST 2020]; root of context hierarchy
2020-03-07 16:02:16,471 INFO [com.alibaba.druid.pool.DruidDataSource] - {dataSource-1} inited
2020-03-07 16:02:17,908 INFO [org.springframework.context.support.GenericApplicationContext] - Closing org.springframework.context.support.GenericApplicationContext@27c20538: startup date [Sat Mar 07 16:02:14 CST 2020]; root of context hierarchy
2020-03-07 16:02:17,917 INFO [com.alibaba.druid.pool.DruidDataSource] - {dataSource-1} closed
2020-03-07 16:08:47,888 INFO [org.springframework.test.context.support.DefaultTestContextBootstrapper] - Loaded default TestExecutionListener class names from location [META-INF/spring.factories]: [org.springframework.test.context.web.ServletTestExecutionListener, org.springframework.test.context.support.DirtiesContextBeforeModesTestExecutionListener, org.springframework.test.context.support.DependencyInjectionTestExecutionListener, org.springframework.test.context.support.DirtiesContextTestExecutionListener, org.springframework.test.context.transaction.TransactionalTestExecutionListener, org.springframework.test.context.jdbc.SqlScriptsTestExecutionListener]
2020-03-07 16:08:47,907 INFO [org.springframework.test.context.support.DefaultTestContextBootstrapper] - Using TestExecutionListeners: [org.springframework.test.context.support.DirtiesContextBeforeModesTestExecutionListener@7c16905e, org.springframework.test.context.support.DependencyInjectionTestExecutionListener@2a2d45ba, org.springframework.test.context.support.DirtiesContextTestExecutionListener@2a5ca609, org.springframework.test.context.transaction.TransactionalTestExecutionListener@20e2cbe0, org.springframework.test.context.jdbc.SqlScriptsTestExecutionListener@68be2bc2]
2020-03-07 16:08:48,037 INFO [org.springframework.beans.factory.xml.XmlBeanDefinitionReader] - Loading XML bean definitions from class path resource [spring-context.xml]
2020-03-07 16:08:48,407 INFO [org.springframework.beans.factory.xml.XmlBeanDefinitionReader] - Loading XML bean definitions from class path resource [spring-context-mybatis.xml]
2020-03-07 16:08:48,455 INFO [org.springframework.beans.factory.xml.XmlBeanDefinitionReader] - Loading XML bean definitions from class path resource [spring-context-druid.xml]
2020-03-07 16:08:48,537 INFO [org.springframework.context.support.GenericApplicationContext] - Refreshing org.springframework.context.support.GenericApplicationContext@27c20538: startup date [Sat Mar 07 16:08:48 CST 2020]; root of context hierarchy
2020-03-07 16:08:49,895 INFO [com.alibaba.druid.pool.DruidDataSource] - {dataSource-1} inited
2020-03-07 16:08:50,769 INFO [org.springframework.context.support.GenericApplicationContext] - Closing org.springframework.context.support.GenericApplicationContext@27c20538: startup date [Sat Mar 07 16:08:48 CST 2020]; root of context hierarchy
2020-03-07 16:08:50,788 INFO [com.alibaba.druid.pool.DruidDataSource] - {dataSource-1} closed
2020-03-07 16:31:36,890 INFO [org.springframework.test.context.support.DefaultTestContextBootstrapper] - Loaded default TestExecutionListener class names from location [META-INF/spring.factories]: [org.springframework.test.context.web.ServletTestExecutionListener, org.springframework.test.context.support.DirtiesContextBeforeModesTestExecutionListener, org.springframework.test.context.support.DependencyInjectionTestExecutionListener, org.springframework.test.context.support.DirtiesContextTestExecutionListener, org.springframework.test.context.transaction.TransactionalTestExecutionListener, org.springframework.test.context.jdbc.SqlScriptsTestExecutionListener]
2020-03-07 16:31:36,911 INFO [org.springframework.test.context.support.DefaultTestContextBootstrapper] - Using TestExecutionListeners: [org.springframework.test.context.support.DirtiesContextBeforeModesTestExecutionListener@724af044, org.springframework.test.context.support.DependencyInjectionTestExecutionListener@4678c730, org.springframework.test.context.support.DirtiesContextTestExecutionListener@6767c1fc, org.springframework.test.context.transaction.TransactionalTestExecutionListener@29ee9faa, org.springframework.test.context.jdbc.SqlScriptsTestExecutionListener@c038203]
2020-03-07 16:31:37,060 INFO [org.springframework.beans.factory.xml.XmlBeanDefinitionReader] - Loading XML bean definitions from class path resource [spring-context.xml]
2020-03-07 16:31:37,458 INFO [org.springframework.beans.factory.xml.XmlBeanDefinitionReader] - Loading XML bean definitions from class path resource [spring-context-mybatis.xml]
2020-03-07 16:31:37,490 INFO [org.springframework.beans.factory.xml.XmlBeanDefinitionReader] - Loading XML bean definitions from class path resource [spring-context-druid.xml]
2020-03-07 16:31:37,559 INFO [org.springframework.context.support.GenericApplicationContext] - Refreshing org.springframework.context.support.GenericApplicationContext@73846619: startup date [Sat Mar 07 16:31:37 CST 2020]; root of context hierarchy
2020-03-07 16:31:38,946 INFO [com.alibaba.druid.pool.DruidDataSource] - {dataSource-1} inited
2020-03-07 16:31:39,859 INFO [org.springframework.test.context.transaction.TransactionContext] - Began transaction (1) for test context [DefaultTestContext@44c73c26 testClass = MyTest, testInstance = com.shuke.hello.spring.transaction.service.test.MyTest@41005828, testMethod = testTranscation@MyTest, testException = [null], mergedContextConfiguration = [MergedContextConfiguration@1f760b47 testClass = MyTest, locations = '{classpath:spring-context.xml, classpath:spring-context-mybatis.xml, classpath:spring-context-druid.xml}', classes = '{}', contextInitializerClasses = '[]', activeProfiles = '{}', propertySourceLocations = '{}', propertySourceProperties = '{}', contextCustomizers = set[[empty]], contextLoader = 'org.springframework.test.context.support.DelegatingSmartContextLoader', parent = [null]]]; transaction manager [org.springframework.jdbc.datasource.DataSourceTransactionManager@60b4beb4]; rollback [true]
2020-03-07 16:31:40,030 INFO [org.springframework.test.context.transaction.TransactionContext] - Rolled back transaction for test: [DefaultTestContext@44c73c26 testClass = MyTest, testInstance = com.shuke.hello.spring.transaction.service.test.MyTest@41005828, testMethod = testTranscation@MyTest, testException = java.lang.RuntimeException, mergedContextConfiguration = [MergedContextConfiguration@1f760b47 testClass = MyTest, locations = '{classpath:spring-context.xml, classpath:spring-context-mybatis.xml, classpath:spring-context-druid.xml}', classes = '{}', contextInitializerClasses = '[]', activeProfiles = '{}', propertySourceLocations = '{}', propertySourceProperties = '{}', contextCustomizers = set[[empty]], contextLoader = 'org.springframework.test.context.support.DelegatingSmartContextLoader', parent = [null]]]
2020-03-07 16:31:40,045 INFO [org.springframework.context.support.GenericApplicationContext] - Closing org.springframework.context.support.GenericApplicationContext@73846619: startup date [Sat Mar 07 16:31:37 CST 2020]; root of context hierarchy
2020-03-07 16:31:40,052 INFO [com.alibaba.druid.pool.DruidDataSource] - {dataSource-1} closed
2020-03-07 16:32:32,461 INFO [org.springframework.test.context.support.DefaultTestContextBootstrapper] - Loaded default TestExecutionListener class names from location [META-INF/spring.factories]: [org.springframework.test.context.web.ServletTestExecutionListener, org.springframework.test.context.support.DirtiesContextBeforeModesTestExecutionListener, org.springframework.test.context.support.DependencyInjectionTestExecutionListener, org.springframework.test.context.support.DirtiesContextTestExecutionListener, org.springframework.test.context.transaction.TransactionalTestExecutionListener, org.springframework.test.context.jdbc.SqlScriptsTestExecutionListener]
2020-03-07 16:32:32,483 INFO [org.springframework.test.context.support.DefaultTestContextBootstrapper] - Using TestExecutionListeners: [org.springframework.test.context.support.DirtiesContextBeforeModesTestExecutionListener@724af044, org.springframework.test.context.support.DependencyInjectionTestExecutionListener@4678c730, org.springframework.test.context.support.DirtiesContextTestExecutionListener@6767c1fc, org.springframework.test.context.transaction.TransactionalTestExecutionListener@29ee9faa, org.springframework.test.context.jdbc.SqlScriptsTestExecutionListener@c038203]
2020-03-07 16:32:32,588 INFO [org.springframework.beans.factory.xml.XmlBeanDefinitionReader] - Loading XML bean definitions from class path resource [spring-context.xml]
2020-03-07 16:32:32,974 INFO [org.springframework.beans.factory.xml.XmlBeanDefinitionReader] - Loading XML bean definitions from class path resource [spring-context-mybatis.xml]
2020-03-07 16:32:33,014 INFO [org.springframework.beans.factory.xml.XmlBeanDefinitionReader] - Loading XML bean definitions from class path resource [spring-context-druid.xml]
2020-03-07 16:32:33,069 INFO [org.springframework.context.support.GenericApplicationContext] - Refreshing org.springframework.context.support.GenericApplicationContext@73846619: startup date [Sat Mar 07 16:32:33 CST 2020]; root of context hierarchy
2020-03-07 16:32:34,328 INFO [com.alibaba.druid.pool.DruidDataSource] - {dataSource-1} inited
2020-03-07 16:32:35,173 INFO [org.springframework.test.context.transaction.TransactionContext] - Began transaction (1) for test context [DefaultTestContext@44c73c26 testClass = MyTest, testInstance = com.shuke.hello.spring.transaction.service.test.MyTest@41005828, testMethod = testTranscation@MyTest, testException = [null], mergedContextConfiguration = [MergedContextConfiguration@1f760b47 testClass = MyTest, locations = '{classpath:spring-context.xml, classpath:spring-context-mybatis.xml, classpath:spring-context-druid.xml}', classes = '{}', contextInitializerClasses = '[]', activeProfiles = '{}', propertySourceLocations = '{}', propertySourceProperties = '{}', contextCustomizers = set[[empty]], contextLoader = 'org.springframework.test.context.support.DelegatingSmartContextLoader', parent = [null]]]; transaction manager [org.springframework.jdbc.datasource.DataSourceTransactionManager@60b4beb4]; rollback [true]
2020-03-07 16:32:35,363 INFO [org.springframework.test.context.transaction.TransactionContext] - Rolled back transaction for test: [DefaultTestContext@44c73c26 testClass = MyTest, testInstance = com.shuke.hello.spring.transaction.service.test.MyTest@41005828, testMethod = testTranscation@MyTest, testException = [null], mergedContextConfiguration = [MergedContextConfiguration@1f760b47 testClass = MyTest, locations = '{classpath:spring-context.xml, classpath:spring-context-mybatis.xml, classpath:spring-context-druid.xml}', classes = '{}', contextInitializerClasses = '[]', activeProfiles = '{}', propertySourceLocations = '{}', propertySourceProperties = '{}', contextCustomizers = set[[empty]], contextLoader = 'org.springframework.test.context.support.DelegatingSmartContextLoader', parent = [null]]]
2020-03-07 16:32:35,371 INFO [org.springframework.context.support.GenericApplicationContext] - Closing org.springframework.context.support.GenericApplicationContext@73846619: startup date [Sat Mar 07 16:32:33 CST 2020]; root of context hierarchy
2020-03-07 16:32:35,378 INFO [com.alibaba.druid.pool.DruidDataSource] - {dataSource-1} closed
